============================= test session starts =============================
platform win32 -- Python 3.13.0, pytest-7.4.4, pluggy-1.0.0 -- C:\Users\vlkra\miniconda3\envs\hw_3\python.exe
cachedir: .pytest_cache
rootdir: C:\Users\vlkra\dev\itmo_python\hw_3
collecting ... collected 7 items

src/matrix_tests.py::test_matrix_operations PASSED                       [ 14%]
src/matrix_tests.py::test_matrix_add PASSED                              [ 28%]
src/matrix_tests.py::test_matrix_mul PASSED                              [ 42%]
src/matrix_tests.py::test_matrix_matmul PASSED                           [ 57%]
src/matrix_tests.py::test_matrix_add_invalid_shape PASSED                [ 71%]
src/matrix_tests.py::test_matrix_mult_invalid_shape PASSED               [ 85%]
src/matrix_tests.py::test_matrix_matmult_invalid_shape PASSED            [100%]

============================== 7 passed in 0.09s ==============================
